-------------------------------------------------------------------------------
Test set: com.anuj.springrest.sample.Demo3ApplicationTests
-------------------------------------------------------------------------------
Tests run: 1, Failures: 0, Errors: 1, Skipped: 0, Time elapsed: 5.049 s <<< FAILURE! - in com.anuj.springrest.sample.Demo3ApplicationTests
contextLoads(com.anuj.springrest.sample.Demo3ApplicationTests)  Time elapsed: 0.004 s  <<< ERROR!
java.lang.IllegalStateException: Failed to load ApplicationContext
Caused by: org.springframework.beans.factory.BeanCreationException: Error creating bean with name 'entityManagerFactory' defined in class path resource [org/springframework/boot/autoconfigure/orm/jpa/HibernateJpaConfiguration.class]: Invocation of init method failed; nested exception is javax.persistence.PersistenceException: [PersistenceUnit: default] Unable to build Hibernate SessionFactory; nested exception is java.lang.IllegalArgumentException: Unrecognized legacy `hibernate.hbm2ddl.auto` value : create-update
Caused by: javax.persistence.PersistenceException: [PersistenceUnit: default] Unable to build Hibernate SessionFactory; nested exception is java.lang.IllegalArgumentException: Unrecognized legacy `hibernate.hbm2ddl.auto` value : create-update
Caused by: java.lang.IllegalArgumentException: Unrecognized legacy `hibernate.hbm2ddl.auto` value : create-update

